  Animation.cpp
  AsteroidsScene.cpp
  Behavior.cpp
  BehaviorAsteroid.cpp
  BehaviorBullet.cpp
  BehaviorHudText.cpp
  BehaviorSpaceship.cpp
  Collider.cpp
  ColliderCircle.cpp
  ColliderLine.cpp
  Entity.cpp
  EntityContainer.cpp
  EntityFactory.cpp
  Level1Scene.cpp
  Level2Scene.cpp
  Mesh.cpp
  MeshLibrary.cpp
  OmegaScene.cpp
  Sprite.cpp
  Teleporter.cpp
  Generating Code...
  Project7.vcxproj -> C:\Users\julia\Documents\DigiPen\Spring 2024\CS-230\Project Files\CS230S24A_julian.arthadjaya_Project7\x64\Debug\Project7.exe
  1 File(s) copied
