c:\users\julia\documents\digipen\spring 2024\cs-230\project files\cs230s24a_julian.arthadjaya_project7\x64\debug\project7.pch
c:\users\julia\documents\digipen\spring 2024\cs-230\project files\cs230s24a_julian.arthadjaya_project7\x64\debug\vc143.pdb
c:\users\julia\documents\digipen\spring 2024\cs-230\project files\cs230s24a_julian.arthadjaya_project7\x64\debug\vc143.idb
c:\users\julia\documents\digipen\spring 2024\cs-230\project files\cs230s24a_julian.arthadjaya_project7\x64\debug\stdafx.obj
c:\users\julia\documents\digipen\spring 2024\cs-230\project files\cs230s24a_julian.arthadjaya_project7\x64\debug\omegascene.obj
c:\users\julia\documents\digipen\spring 2024\cs-230\project files\cs230s24a_julian.arthadjaya_project7\x64\debug\meshlibrary.obj
c:\users\julia\documents\digipen\spring 2024\cs-230\project files\cs230s24a_julian.arthadjaya_project7\x64\debug\mesh.obj
c:\users\julia\documents\digipen\spring 2024\cs-230\project files\cs230s24a_julian.arthadjaya_project7\x64\debug\matrix2d.obj
c:\users\julia\documents\digipen\spring 2024\cs-230\project files\cs230s24a_julian.arthadjaya_project7\x64\debug\main.obj
c:\users\julia\documents\digipen\spring 2024\cs-230\project files\cs230s24a_julian.arthadjaya_project7\x64\debug\entityfactory.obj
c:\users\julia\documents\digipen\spring 2024\cs-230\project files\cs230s24a_julian.arthadjaya_project7\x64\debug\entitycontainer.obj
c:\users\julia\documents\digipen\spring 2024\cs-230\project files\cs230s24a_julian.arthadjaya_project7\x64\debug\entity.obj
c:\users\julia\documents\digipen\spring 2024\cs-230\project files\cs230s24a_julian.arthadjaya_project7\x64\debug\engine.obj
c:\users\julia\documents\digipen\spring 2024\cs-230\project files\cs230s24a_julian.arthadjaya_project7\x64\debug\colliderline.obj
c:\users\julia\documents\digipen\spring 2024\cs-230\project files\cs230s24a_julian.arthadjaya_project7\x64\debug\collidercircle.obj
c:\users\julia\documents\digipen\spring 2024\cs-230\project files\cs230s24a_julian.arthadjaya_project7\x64\debug\collider.obj
c:\users\julia\documents\digipen\spring 2024\cs-230\project files\cs230s24a_julian.arthadjaya_project7\x64\debug\cheatsystem.obj
c:\users\julia\documents\digipen\spring 2024\cs-230\project files\cs230s24a_julian.arthadjaya_project7\x64\debug\behaviorspaceship.obj
c:\users\julia\documents\digipen\spring 2024\cs-230\project files\cs230s24a_julian.arthadjaya_project7\x64\debug\behaviorhudtext.obj
c:\users\julia\documents\digipen\spring 2024\cs-230\project files\cs230s24a_julian.arthadjaya_project7\x64\debug\behaviorbullet.obj
c:\users\julia\documents\digipen\spring 2024\cs-230\project files\cs230s24a_julian.arthadjaya_project7\x64\debug\behaviorasteroid.obj
c:\users\julia\documents\digipen\spring 2024\cs-230\project files\cs230s24a_julian.arthadjaya_project7\x64\debug\behavior.obj
c:\users\julia\documents\digipen\spring 2024\cs-230\project files\cs230s24a_julian.arthadjaya_project7\x64\debug\asteroidsscene.obj
c:\users\julia\documents\digipen\spring 2024\cs-230\project files\cs230s24a_julian.arthadjaya_project7\x64\debug\animation.obj
c:\users\julia\documents\digipen\spring 2024\cs-230\project files\cs230s24a_julian.arthadjaya_project7\x64\debug\vector2d.obj
c:\users\julia\documents\digipen\spring 2024\cs-230\project files\cs230s24a_julian.arthadjaya_project7\x64\debug\transform.obj
c:\users\julia\documents\digipen\spring 2024\cs-230\project files\cs230s24a_julian.arthadjaya_project7\x64\debug\trace.obj
c:\users\julia\documents\digipen\spring 2024\cs-230\project files\cs230s24a_julian.arthadjaya_project7\x64\debug\teleporter.obj
c:\users\julia\documents\digipen\spring 2024\cs-230\project files\cs230s24a_julian.arthadjaya_project7\x64\debug\stubsystem.obj
c:\users\julia\documents\digipen\spring 2024\cs-230\project files\cs230s24a_julian.arthadjaya_project7\x64\debug\stubscene.obj
c:\users\julia\documents\digipen\spring 2024\cs-230\project files\cs230s24a_julian.arthadjaya_project7\x64\debug\stub.obj
c:\users\julia\documents\digipen\spring 2024\cs-230\project files\cs230s24a_julian.arthadjaya_project7\x64\debug\stream.obj
c:\users\julia\documents\digipen\spring 2024\cs-230\project files\cs230s24a_julian.arthadjaya_project7\x64\debug\spritesourcelibrary.obj
c:\users\julia\documents\digipen\spring 2024\cs-230\project files\cs230s24a_julian.arthadjaya_project7\x64\debug\spritesource.obj
c:\users\julia\documents\digipen\spring 2024\cs-230\project files\cs230s24a_julian.arthadjaya_project7\x64\debug\sprite.obj
c:\users\julia\documents\digipen\spring 2024\cs-230\project files\cs230s24a_julian.arthadjaya_project7\x64\debug\scoresystem.obj
c:\users\julia\documents\digipen\spring 2024\cs-230\project files\cs230s24a_julian.arthadjaya_project7\x64\debug\scenesystem.obj
c:\users\julia\documents\digipen\spring 2024\cs-230\project files\cs230s24a_julian.arthadjaya_project7\x64\debug\level2scene.obj
c:\users\julia\documents\digipen\spring 2024\cs-230\project files\cs230s24a_julian.arthadjaya_project7\x64\debug\level1scene.obj
c:\users\julia\documents\digipen\spring 2024\cs-230\project files\cs230s24a_julian.arthadjaya_project7\x64\debug\scene.obj
c:\users\julia\documents\digipen\spring 2024\cs-230\project files\cs230s24a_julian.arthadjaya_project7\x64\debug\random.obj
c:\users\julia\documents\digipen\spring 2024\cs-230\project files\cs230s24a_julian.arthadjaya_project7\x64\debug\platformsystem.obj
c:\users\julia\documents\digipen\spring 2024\cs-230\project files\cs230s24a_julian.arthadjaya_project7\x64\debug\physics.obj
c:\users\julia\documents\digipen\spring 2024\cs-230\project files\cs230s24a_julian.arthadjaya_project7\x64\debug\component.obj
c:\users\julia\documents\digipen\spring 2024\cs-230\project files\cs230s24a_julian.arthadjaya_project7\x64\debug\project7.exe
c:\users\julia\documents\digipen\spring 2024\cs-230\project files\cs230s24a_julian.arthadjaya_project7\x64\debug\project7.ilk
c:\users\julia\documents\digipen\spring 2024\cs-230\project files\cs230s24a_julian.arthadjaya_project7\x64\debug\project7.pdb
c:\users\julia\documents\digipen\spring 2024\cs-230\project files\cs230s24a_julian.arthadjaya_project7\x64\debug\level1scene.obj.enc
c:\users\julia\documents\digipen\spring 2024\cs-230\project files\cs230s24a_julian.arthadjaya_project7\x64\debug\project7.tlog\cl.command.1.tlog
c:\users\julia\documents\digipen\spring 2024\cs-230\project files\cs230s24a_julian.arthadjaya_project7\x64\debug\project7.tlog\cl.read.1.tlog
c:\users\julia\documents\digipen\spring 2024\cs-230\project files\cs230s24a_julian.arthadjaya_project7\x64\debug\project7.tlog\cl.write.1.tlog
c:\users\julia\documents\digipen\spring 2024\cs-230\project files\cs230s24a_julian.arthadjaya_project7\x64\debug\project7.tlog\link.command.1.tlog
c:\users\julia\documents\digipen\spring 2024\cs-230\project files\cs230s24a_julian.arthadjaya_project7\x64\debug\project7.tlog\link.read.1.tlog
c:\users\julia\documents\digipen\spring 2024\cs-230\project files\cs230s24a_julian.arthadjaya_project7\x64\debug\project7.tlog\link.write.1.tlog
