Engine: Init
PlatformSystem: Init
CheatSystem: Init
SceneSystem: Init
ScoreSystem: Init
Engine: Update
Level1: Load
Level1: Init
EntityList get_front: cannot access non-existing element
Error: StreamOpen could not open file ./Data/None.txt; No such file or directory
Error: StreamOpen could not open file ./Data/None.txt; No such file or directory
SpriteSetFrame: frame index = 0
Error: StreamOpen could not open file ./Data/None.txt; No such file or directory
Error: StreamOpen could not open file ./Data/None.txt; No such file or directory
SpriteSetFrame: frame index = 0
Error: StreamOpen could not open file ./Data/None.txt; No such file or directory
Error: StreamOpen could not open file ./Data/None.txt; No such file or directory
Level1: Update
EntityList get_front: cannot access non-existing element
EntityList get_front: cannot access non-existing element
Engine: Render
Level1: Render
EntityList get_front: cannot access non-existing element
Engine: Update
Level1: Update
EntityList get_front: cannot access non-existing element
EntityList get_front: cannot access non-existing element
Engine: Render
Level1: Render
EntityList get_front: cannot access non-existing element
Engine: Update
Level1: Update
EntityList get_front: cannot access non-existing element
EntityList get_front: cannot access non-existing element
Engine: Render
Level1: Render
EntityList get_front: cannot access non-existing element
Engine: Update
Level1: Update
EntityList get_front: cannot access non-existing element
EntityList get_front: cannot access non-existing element
Engine: Render
Level1: Render
EntityList get_front: cannot access non-existing element
Engine: Update
Level1: Update
EntityList get_front: cannot access non-existing element
EntityList get_front: cannot access non-existing element
Engine: Render
Level1: Render
EntityList get_front: cannot access non-existing element
Engine: Update
Level1: Update
EntityList get_front: cannot access non-existing element
EntityList get_front: cannot access non-existing element
Engine: Render
Level1: Render
EntityList get_front: cannot access non-existing element
Engine: Update
Level1: Update
EntityList get_front: cannot access non-existing element
EntityList get_front: cannot access non-existing element
Engine: Render
Level1: Render
EntityList get_front: cannot access non-existing element
Engine: Update
Level1: Update
EntityList get_front: cannot access non-existing element
EntityList get_front: cannot access non-existing element
Engine: Render
Level1: Render
EntityList get_front: cannot access non-existing element
Engine: Update
Level1: Update
EntityList get_front: cannot access non-existing element
EntityList get_front: cannot access non-existing element
Engine: Render
Level1: Render
EntityList get_front: cannot access non-existing element
Engine: Update
Level1: Update
EntityList get_front: cannot access non-existing element
EntityList get_front: cannot access non-existing element
Engine: Render
Level1: Render
EntityList get_front: cannot access non-existing element
Engine: Update
Level1: Update
EntityList get_front: cannot access non-existing element
EntityList get_front: cannot access non-existing element
Engine: Render
Level1: Render
EntityList get_front: cannot access non-existing element
Engine: Update
Level1: Update
EntityList get_front: cannot access non-existing element
EntityList get_front: cannot access non-existing element
Engine: Render
Level1: Render
EntityList get_front: cannot access non-existing element
Engine: Update
Level1: Update
EntityList get_front: cannot access non-existing element
EntityList get_front: cannot access non-existing element
Engine: Render
Level1: Render
EntityList get_front: cannot access non-existing element
Engine: Update
Level1: Update
EntityList get_front: cannot access non-existing element
EntityList get_front: cannot access non-existing element
Engine: Render
Level1: Render
EntityList get_front: cannot access non-existing element
Engine: Update
Level1: Update
EntityList get_front: cannot access non-existing element
EntityList get_front: cannot access non-existing element
Engine: Render
Level1: Render
EntityList get_front: cannot access non-existing element
Engine: Update
Level1: Update
EntityList get_front: cannot access non-existing element
EntityList get_front: cannot access non-existing element
Engine: Render
Level1: Render
EntityList get_front: cannot access non-existing element
Engine: Update
Level1: Update
EntityList get_front: cannot access non-existing element
EntityList get_front: cannot access non-existing element
Engine: Render
Level1: Render
EntityList get_front: cannot access non-existing element
Engine: Update
Level1: Update
EntityList get_front: cannot access non-existing element
EntityList get_front: cannot access non-existing element
Engine: Render
Level1: Render
EntityList get_front: cannot access non-existing element
Engine: Update
Level1: Update
EntityList get_front: cannot access non-existing element
EntityList get_front: cannot access non-existing element
Engine: Render
Level1: Render
EntityList get_front: cannot access non-existing element
Engine: Update
Level1: Update
EntityList get_front: cannot access non-existing element
EntityList get_front: cannot access non-existing element
Engine: Render
Level1: Render
EntityList get_front: cannot access non-existing element
Engine: Update
Level1: Update
EntityList get_front: cannot access non-existing element
EntityList get_front: cannot access non-existing element
Engine: Render
Level1: Render
EntityList get_front: cannot access non-existing element
Engine: Update
Level1: Update
EntityList get_front: cannot access non-existing element
EntityList get_front: cannot access non-existing element
Engine: Render
Level1: Render
EntityList get_front: cannot access non-existing element
Engine: Update
Level1: Update
EntityList get_front: cannot access non-existing element
EntityList get_front: cannot access non-existing element
Engine: Render
Level1: Render
EntityList get_front: cannot access non-existing element
Engine: Update
Level1: Update
EntityList get_front: cannot access non-existing element
EntityList get_front: cannot access non-existing element
Engine: Render
Level1: Render
EntityList get_front: cannot access non-existing element
Engine: Update
Level1: Update
EntityList get_front: cannot access non-existing element
EntityList get_front: cannot access non-existing element
Engine: Render
Level1: Render
EntityList get_front: cannot access non-existing element
Engine: Update
Level1: Update
EntityList get_front: cannot access non-existing element
EntityList get_front: cannot access non-existing element
Engine: Render
Level1: Render
EntityList get_front: cannot access non-existing element
Engine: Update
Level1: Update
EntityList get_front: cannot access non-existing element
EntityList get_front: cannot access non-existing element
Engine: Render
Level1: Render
EntityList get_front: cannot access non-existing element
Engine: Update
Level1: Update
EntityList get_front: cannot access non-existing element
EntityList get_front: cannot access non-existing element
Engine: Render
Level1: Render
EntityList get_front: cannot access non-existing element
Engine: Update
Level1: Update
EntityList get_front: cannot access non-existing element
EntityList get_front: cannot access non-existing element
Engine: Render
Level1: Render
EntityList get_front: cannot access non-existing element
Engine: Update
Level1: Update
EntityList get_front: cannot access non-existing element
EntityList get_front: cannot access non-existing element
Engine: Render
Level1: Render
EntityList get_front: cannot access non-existing element
Engine: Update
Level1: Update
EntityList get_front: cannot access non-existing element
EntityList get_front: cannot access non-existing element
Engine: Render
Level1: Render
EntityList get_front: cannot access non-existing element
Engine: Update
Level1: Update
EntityList get_front: cannot access non-existing element
EntityList get_front: cannot access non-existing element
Engine: Render
Level1: Render
EntityList get_front: cannot access non-existing element
Engine: Update
Level1: Update
EntityList get_front: cannot access non-existing element
EntityList get_front: cannot access non-existing element
Engine: Render
Level1: Render
EntityList get_front: cannot access non-existing element
Engine: Update
Level1: Update
EntityList get_front: cannot access non-existing element
EntityList get_front: cannot access non-existing element
Engine: Render
Level1: Render
EntityList get_front: cannot access non-existing element
Engine: Update
Level1: Update
EntityList get_front: cannot access non-existing element
EntityList get_front: cannot access non-existing element
Engine: Render
Level1: Render
EntityList get_front: cannot access non-existing element
Engine: Update
Level1: Update
EntityList get_front: cannot access non-existing element
EntityList get_front: cannot access non-existing element
Engine: Render
Level1: Render
EntityList get_front: cannot access non-existing element
Engine: Update
Level1: Update
EntityList get_front: cannot access non-existing element
EntityList get_front: cannot access non-existing element
Engine: Render
Level1: Render
EntityList get_front: cannot access non-existing element
Engine: Update
Level1: Update
EntityList get_front: cannot access non-existing element
EntityList get_front: cannot access non-existing element
Engine: Render
Level1: Render
EntityList get_front: cannot access non-existing element
Engine: Update
Level1: Update
EntityList get_front: cannot access non-existing element
EntityList get_front: cannot access non-existing element
Engine: Render
Level1: Render
EntityList get_front: cannot access non-existing element
Engine: Update
Level1: Update
EntityList get_front: cannot access non-existing element
EntityList get_front: cannot access non-existing element
Engine: Render
Level1: Render
EntityList get_front: cannot access non-existing element
Engine: Update
Level1: Update
EntityList get_front: cannot access non-existing element
EntityList get_front: cannot access non-existing element
Engine: Render
Level1: Render
EntityList get_front: cannot access non-existing element
Engine: Update
Level1: Update
EntityList get_front: cannot access non-existing element
EntityList get_front: cannot access non-existing element
Engine: Render
Level1: Render
EntityList get_front: cannot access non-existing element
Engine: Update
Level1: Update
EntityList get_front: cannot access non-existing element
EntityList get_front: cannot access non-existing element
Engine: Render
Level1: Render
EntityList get_front: cannot access non-existing element
Engine: Update
Level1: Update
EntityList get_front: cannot access non-existing element
EntityList get_front: cannot access non-existing element
Engine: Render
Level1: Render
EntityList get_front: cannot access non-existing element
Engine: Update
Level1: Update
EntityList get_front: cannot access non-existing element
EntityList get_front: cannot access non-existing element
Engine: Render
Level1: Render
EntityList get_front: cannot access non-existing element
Engine: Update
Level1: Update
EntityList get_front: cannot access non-existing element
EntityList get_front: cannot access non-existing element
Engine: Render
Level1: Render
EntityList get_front: cannot access non-existing element
Engine: Update
Level1: Update
EntityList get_front: cannot access non-existing element
EntityList get_front: cannot access non-existing element
Engine: Render
Level1: Render
EntityList get_front: cannot access non-existing element
Engine: Update
Level1: Update
EntityList get_front: cannot access non-existing element
EntityList get_front: cannot access non-existing element
Engine: Render
Level1: Render
EntityList get_front: cannot access non-existing element
Engine: Update
Level1: Update
EntityList get_front: cannot access non-existing element
EntityList get_front: cannot access non-existing element
Engine: Render
Level1: Render
EntityList get_front: cannot access non-existing element
Engine: Update
Level1: Update
EntityList get_front: cannot access non-existing element
EntityList get_front: cannot access non-existing element
Engine: Render
Level1: Render
EntityList get_front: cannot access non-existing element
Engine: Update
Level1: Update
EntityList get_front: cannot access non-existing element
EntityList get_front: cannot access non-existing element
Engine: Render
Level1: Render
EntityList get_front: cannot access non-existing element
Engine: Update
Level1: Update
EntityList get_front: cannot access non-existing element
EntityList get_front: cannot access non-existing element
Engine: Render
Level1: Render
EntityList get_front: cannot access non-existing element
Engine: Update
Level1: Update
EntityList get_front: cannot access non-existing element
EntityList get_front: cannot access non-existing element
Engine: Render
Level1: Render
EntityList get_front: cannot access non-existing element
Engine: Update
Level1: Update
EntityList get_front: cannot access non-existing element
EntityList get_front: cannot access non-existing element
Engine: Render
Level1: Render
EntityList get_front: cannot access non-existing element
Engine: Update
Level1: Update
EntityList get_front: cannot access non-existing element
EntityList get_front: cannot access non-existing element
Engine: Render
Level1: Render
EntityList get_front: cannot access non-existing element
Engine: Update
Level1: Update
EntityList get_front: cannot access non-existing element
EntityList get_front: cannot access non-existing element
Engine: Render
Level1: Render
EntityList get_front: cannot access non-existing element
Engine: Update
Level1: Update
EntityList get_front: cannot access non-existing element
EntityList get_front: cannot access non-existing element
Engine: Render
Level1: Render
EntityList get_front: cannot access non-existing element
Engine: Update
Level1: Update
EntityList get_front: cannot access non-existing element
EntityList get_front: cannot access non-existing element
Engine: Render
Level1: Render
EntityList get_front: cannot access non-existing element
Engine: Update
Level1: Update
EntityList get_front: cannot access non-existing element
EntityList get_front: cannot access non-existing element
Engine: Render
Level1: Render
EntityList get_front: cannot access non-existing element
Engine: Update
Level1: Update
EntityList get_front: cannot access non-existing element
EntityList get_front: cannot access non-existing element
Engine: Render
Level1: Render
EntityList get_front: cannot access non-existing element
Engine: Update
Level1: Update
EntityList get_front: cannot access non-existing element
EntityList get_front: cannot access non-existing element
Engine: Render
Level1: Render
EntityList get_front: cannot access non-existing element
Engine: Update
Level1: Update
EntityList get_front: cannot access non-existing element
EntityList get_front: cannot access non-existing element
Engine: Render
Level1: Render
EntityList get_front: cannot access non-existing element
Engine: Update
Level1: Update
EntityList get_front: cannot access non-existing element
EntityList get_front: cannot access non-existing element
Engine: Render
Level1: Render
EntityList get_front: cannot access non-existing element
Engine: Update
Level1: Update
EntityList get_front: cannot access non-existing element
EntityList get_front: cannot access non-existing element
Engine: Render
Level1: Render
EntityList get_front: cannot access non-existing element
Engine: Update
Level1: Update
EntityList get_front: cannot access non-existing element
EntityList get_front: cannot access non-existing element
Engine: Render
Level1: Render
EntityList get_front: cannot access non-existing element
Engine: Update
Level1: Update
EntityList get_front: cannot access non-existing element
EntityList get_front: cannot access non-existing element
Engine: Render
Level1: Render
EntityList get_front: cannot access non-existing element
Engine: Update
Level1: Update
EntityList get_front: cannot access non-existing element
EntityList get_front: cannot access non-existing element
Engine: Render
Level1: Render
EntityList get_front: cannot access non-existing element
Engine: Update
Level1: Update
EntityList get_front: cannot access non-existing element
EntityList get_front: cannot access non-existing element
Engine: Render
Level1: Render
EntityList get_front: cannot access non-existing element
Engine: Update
Level1: Exit
Level1: Unload
Level2: Load
Level2: Init
EntityList get_front: cannot access non-existing element
Error: StreamOpen could not open file ./Data/None.txt; No such file or directory
Error: StreamOpen could not open file ./Data/None.txt; No such file or directory
Level2: Update
EntityList get_front: cannot access non-existing element
EntityList get_front: cannot access non-existing element
Engine: Render
Level2: Render
EntityList get_front: cannot access non-existing element
Engine: Update
Level2: Update
EntityList get_front: cannot access non-existing element
EntityList get_front: cannot access non-existing element
Engine: Render
Level2: Render
EntityList get_front: cannot access non-existing element
Engine: Update
Level2: Update
EntityList get_front: cannot access non-existing element
EntityList get_front: cannot access non-existing element
Engine: Render
Level2: Render
EntityList get_front: cannot access non-existing element
Engine: Update
Level2: Update
EntityList get_front: cannot access non-existing element
EntityList get_front: cannot access non-existing element
Engine: Render
Level2: Render
EntityList get_front: cannot access non-existing element
Engine: Update
Level2: Update
EntityList get_front: cannot access non-existing element
EntityList get_front: cannot access non-existing element
Engine: Render
Level2: Render
EntityList get_front: cannot access non-existing element
Engine: Update
Level2: Update
EntityList get_front: cannot access non-existing element
EntityList get_front: cannot access non-existing element
Engine: Render
Level2: Render
EntityList get_front: cannot access non-existing element
Engine: Update
Level2: Update
EntityList get_front: cannot access non-existing element
EntityList get_front: cannot access non-existing element
Engine: Render
Level2: Render
EntityList get_front: cannot access non-existing element
Engine: Update
Level2: Update
EntityList get_front: cannot access non-existing element
EntityList get_front: cannot access non-existing element
Engine: Render
Level2: Render
EntityList get_front: cannot access non-existing element
Engine: Update
Level2: Update
EntityList get_front: cannot access non-existing element
EntityList get_front: cannot access non-existing element
Engine: Render
Level2: Render
EntityList get_front: cannot access non-existing element
Engine: Update
Level2: Update
EntityList get_front: cannot access non-existing element
EntityList get_front: cannot access non-existing element
Engine: Render
Level2: Render
EntityList get_front: cannot access non-existing element
Engine: Update
Level2: Update
EntityList get_front: cannot access non-existing element
EntityList get_front: cannot access non-existing element
Engine: Render
Level2: Render
EntityList get_front: cannot access non-existing element
Engine: Update
Level2: Update
EntityList get_front: cannot access non-existing element
EntityList get_front: cannot access non-existing element
Engine: Render
Level2: Render
EntityList get_front: cannot access non-existing element
Engine: Update
Level2: Update
EntityList get_front: cannot access non-existing element
EntityList get_front: cannot access non-existing element
Engine: Render
Level2: Render
EntityList get_front: cannot access non-existing element
Engine: Update
Level2: Update
EntityList get_front: cannot access non-existing element
EntityList get_front: cannot access non-existing element
Engine: Render
Level2: Render
EntityList get_front: cannot access non-existing element
Engine: Update
Level2: Update
EntityList get_front: cannot access non-existing element
EntityList get_front: cannot access non-existing element
Engine: Render
Level2: Render
EntityList get_front: cannot access non-existing element
Engine: Update
Level2: Update
EntityList get_front: cannot access non-existing element
EntityList get_front: cannot access non-existing element
Engine: Render
Level2: Render
EntityList get_front: cannot access non-existing element
Engine: Update
Level2: Update
EntityList get_front: cannot access non-existing element
EntityList get_front: cannot access non-existing element
Engine: Render
Level2: Render
EntityList get_front: cannot access non-existing element
Engine: Update
Level2: Update
EntityList get_front: cannot access non-existing element
EntityList get_front: cannot access non-existing element
Engine: Render
Level2: Render
EntityList get_front: cannot access non-existing element
Engine: Update
Level2: Update
EntityList get_front: cannot access non-existing element
EntityList get_front: cannot access non-existing element
Engine: Render
Level2: Render
EntityList get_front: cannot access non-existing element
Engine: Update
Level2: Update
EntityList get_front: cannot access non-existing element
EntityList get_front: cannot access non-existing element
Engine: Render
Level2: Render
EntityList get_front: cannot access non-existing element
Engine: Update
Level2: Update
EntityList get_front: cannot access non-existing element
EntityList get_front: cannot access non-existing element
Engine: Render
Level2: Render
EntityList get_front: cannot access non-existing element
Engine: Update
Level2: Update
EntityList get_front: cannot access non-existing element
EntityList get_front: cannot access non-existing element
Engine: Render
Level2: Render
EntityList get_front: cannot access non-existing element
Engine: Update
Level2: Update
EntityList get_front: cannot access non-existing element
EntityList get_front: cannot access non-existing element
Engine: Render
Level2: Render
EntityList get_front: cannot access non-existing element
Engine: Update
Level2: Update
EntityList get_front: cannot access non-existing element
EntityList get_front: cannot access non-existing element
Engine: Render
Level2: Render
EntityList get_front: cannot access non-existing element
Engine: Update
Level2: Update
EntityList get_front: cannot access non-existing element
EntityList get_front: cannot access non-existing element
Engine: Render
Level2: Render
EntityList get_front: cannot access non-existing element
Engine: Update
Level2: Exit
Level2: Unload
AsteroidsScene: Load
AsteroidsScene: Init
EntityList get_front: cannot access non-existing element
Error: StreamOpen could not open file ./Data/None.txt; No such file or directory
Error: StreamOpen could not open file ./Data/None.txt; No such file or directory
AsteroidsScene: Update
Engine: Render
AsteroidsScene: Render
Engine: Update
AsteroidsScene: Update
Engine: Render
AsteroidsScene: Render
Engine: Update
AsteroidsScene: Update
Engine: Render
AsteroidsScene: Render
Engine: Update
AsteroidsScene: Update
Engine: Render
AsteroidsScene: Render
Engine: Update
AsteroidsScene: Update
Engine: Render
AsteroidsScene: Render
Engine: Update
AsteroidsScene: Update
Engine: Render
AsteroidsScene: Render
Engine: Update
AsteroidsScene: Update
Engine: Render
AsteroidsScene: Render
Engine: Update
AsteroidsScene: Update
Engine: Render
AsteroidsScene: Render
Engine: Update
AsteroidsScene: Update
Engine: Render
AsteroidsScene: Render
Engine: Update
AsteroidsScene: Update
Engine: Render
AsteroidsScene: Render
Engine: Update
AsteroidsScene: Update
Engine: Render
AsteroidsScene: Render
Engine: Update
AsteroidsScene: Update
Engine: Render
AsteroidsScene: Render
Engine: Update
AsteroidsScene: Update
Engine: Render
AsteroidsScene: Render
Engine: Update
AsteroidsScene: Update
Engine: Render
AsteroidsScene: Render
Engine: Update
AsteroidsScene: Update
Engine: Render
AsteroidsScene: Render
Engine: Update
AsteroidsScene: Update
Engine: Render
AsteroidsScene: Render
Engine: Update
AsteroidsScene: Update
Engine: Render
AsteroidsScene: Render
Engine: Update
AsteroidsScene: Update
Engine: Render
AsteroidsScene: Render
Engine: Update
AsteroidsScene: Update
Engine: Render
AsteroidsScene: Render
Engine: Update
AsteroidsScene: Update
Engine: Render
AsteroidsScene: Render
Engine: Update
AsteroidsScene: Update
Engine: Render
AsteroidsScene: Render
Engine: Update
AsteroidsScene: Update
Engine: Render
AsteroidsScene: Render
Engine: Update
AsteroidsScene: Update
Engine: Render
AsteroidsScene: Render
Engine: Update
AsteroidsScene: Update
Engine: Render
AsteroidsScene: Render
Engine: Update
AsteroidsScene: Update
Engine: Render
AsteroidsScene: Render
Engine: Update
AsteroidsScene: Update
Engine: Render
AsteroidsScene: Render
Engine: Update
AsteroidsScene: Update
Engine: Render
AsteroidsScene: Render
Engine: Update
AsteroidsScene: Update
Engine: Render
AsteroidsScene: Render
Engine: Update
AsteroidsScene: Update
Engine: Render
AsteroidsScene: Render
Engine: Update
AsteroidsScene: Update
Engine: Render
AsteroidsScene: Render
Engine: Update
AsteroidsScene: Update
Engine: Render
AsteroidsScene: Render
Engine: Update
AsteroidsScene: Update
Engine: Render
AsteroidsScene: Render
Engine: Update
AsteroidsScene: Update
Engine: Render
AsteroidsScene: Render
Engine: Update
AsteroidsScene: Update
Engine: Render
AsteroidsScene: Render
Engine: Update
AsteroidsScene: Update
Engine: Render
AsteroidsScene: Render
Engine: Update
AsteroidsScene: Update
Engine: Render
AsteroidsScene: Render
Engine: Update
AsteroidsScene: Exit
AsteroidsScene: Unload
OmegaScene: Load
OmegaScene: Init
EntityList get_front: cannot access non-existing element
Error: StreamOpen could not open file ./Data/None.txt; No such file or directory
Error: StreamOpen could not open file ./Data/None.txt; No such file or directory
Error: StreamOpen could not open file ./Data/None.txt; No such file or directory
OmegaScene: Update
Engine: Render
OmegaScene: Render
Engine: Update
OmegaScene: Update
Engine: Render
OmegaScene: Render
Engine: Update
OmegaScene: Update
Engine: Render
OmegaScene: Render
Engine: Update
OmegaScene: Update
Engine: Render
OmegaScene: Render
Engine: Update
OmegaScene: Update
Engine: Render
OmegaScene: Render
Engine: Update
OmegaScene: Update
Engine: Render
OmegaScene: Render
Engine: Update
OmegaScene: Update
Engine: Render
OmegaScene: Render
Engine: Update
OmegaScene: Update
Engine: Render
OmegaScene: Render
Engine: Update
OmegaScene: Update
Engine: Render
OmegaScene: Render
Engine: Update
OmegaScene: Update
Engine: Render
OmegaScene: Render
Engine: Update
OmegaScene: Update
Engine: Render
OmegaScene: Render
Engine: Update
OmegaScene: Update
Engine: Render
OmegaScene: Render
Engine: Update
OmegaScene: Update
Engine: Render
OmegaScene: Render
Engine: Update
OmegaScene: Update
Engine: Render
OmegaScene: Render
Engine: Update
OmegaScene: Update
Engine: Render
OmegaScene: Render
Engine: Update
OmegaScene: Update
Engine: Render
OmegaScene: Render
Engine: Update
OmegaScene: Update
Engine: Render
OmegaScene: Render
Engine: Update
OmegaScene: Update
Engine: Render
OmegaScene: Render
Engine: Update
OmegaScene: Update
Engine: Render
OmegaScene: Render
Engine: Update
OmegaScene: Update
Engine: Render
OmegaScene: Render
Engine: Update
OmegaScene: Update
Engine: Render
OmegaScene: Render
Engine: Update
OmegaScene: Update
Engine: Render
OmegaScene: Render
Engine: Update
OmegaScene: Update
Engine: Render
OmegaScene: Render
Engine: Update
OmegaScene: Update
Engine: Render
OmegaScene: Render
Engine: Update
OmegaScene: Update
Engine: Render
OmegaScene: Render
Engine: Update
OmegaScene: Update
Engine: Render
OmegaScene: Render
Engine: Update
OmegaScene: Update
Engine: Render
OmegaScene: Render
Engine: Update
OmegaScene: Update
Engine: Render
OmegaScene: Render
Engine: Update
OmegaScene: Update
Engine: Render
OmegaScene: Render
Engine: Update
OmegaScene: Update
Engine: Render
OmegaScene: Render
Engine: Update
OmegaScene: Update
Engine: Render
OmegaScene: Render
Engine: Update
OmegaScene: Update
Engine: Render
OmegaScene: Render
Engine: Update
OmegaScene: Update
Engine: Render
OmegaScene: Render
Engine: Update
OmegaScene: Update
Engine: Render
OmegaScene: Render
Engine: Update
OmegaScene: Update
Engine: Render
OmegaScene: Render
Engine: Update
OmegaScene: Update
Engine: Render
OmegaScene: Render
Engine: Update
OmegaScene: Update
Engine: Render
OmegaScene: Render
Engine: Update
OmegaScene: Update
Engine: Render
OmegaScene: Render
Engine: Update
OmegaScene: Update
Engine: Render
OmegaScene: Render
Engine: Update
OmegaScene: Update
Engine: Render
OmegaScene: Render
Engine: Update
OmegaScene: Update
Engine: Render
OmegaScene: Render
Engine: Update
OmegaScene: Update
Engine: Render
OmegaScene: Render
Engine: Update
OmegaScene: Update
Engine: Render
OmegaScene: Render
Engine: Update
OmegaScene: Update
Engine: Render
OmegaScene: Render
Engine: Update
OmegaScene: Update
Engine: Render
OmegaScene: Render
Engine: Update
OmegaScene: Update
Engine: Render
OmegaScene: Render
Engine: Update
OmegaScene: Update
Engine: Render
OmegaScene: Render
Engine: Update
OmegaScene: Update
Engine: Render
OmegaScene: Render
Engine: Update
OmegaScene: Update
Engine: Render
OmegaScene: Render
Engine: Update
OmegaScene: Update
Engine: Render
OmegaScene: Render
Engine: Update
OmegaScene: Update
Engine: Render
OmegaScene: Render
Engine: Update
OmegaScene: Update
Engine: Render
OmegaScene: Render
Engine: Update
OmegaScene: Update
Engine: Render
OmegaScene: Render
Engine: Update
OmegaScene: Exit
OmegaScene: Unload
Engine: Render
Engine: Exit
ScoreSystem: Exit
SceneSystem: Exit
CheatSystem: Exit
PlatformSystem: Exit
